<?xml version="1.0" encoding="utf-8" standalone="no"?>
<!--This file represents the results of running a test suite-->
<test-results name="C:\OIC\NUnitCs\Chap03\Categories\bin\Debug\QueueLib.dll" total="2" errors="0" failures="0" not-run="0" inconclusive="0" ignored="0" skipped="0" invalid="0" date="2012-10-31" time="14:52:52">
  <environment nunit-version="2.6.1.12217" clr-version="2.0.50727.5420" os-version="Microsoft Windows NT 6.1.7601 Service Pack 1" platform="Win32NT" cwd="C:\Program Files\Microsoft Visual Studio 11.0\Common7\IDE" machine-name="WIN-4UAS7O2AEUA" user="bob" user-domain="WIN-4UAS7O2AEUA" />
  <culture-info current-culture="en-US" current-uiculture="en-US" />
  <test-suite type="Assembly" name="C:\OIC\NUnitCs\Chap03\Categories\bin\Debug\QueueLib.dll" executed="True" result="Success" success="True" time="0.063" asserts="0">
    <results>
      <test-suite type="Namespace" name="QueueLib" executed="True" result="Success" success="True" time="0.047" asserts="0">
        <results>
          <test-suite type="TestFixture" name="QueueFixture" executed="True" result="Success" success="True" time="0.047" asserts="0">
            <results>
              <test-case name="QueueLib.QueueFixture.T09_EnqDeq2Enqueue3GetArray" executed="True" result="Success" success="True" time="0.016" asserts="4">
                <categories>
                  <category name="Wraparound" />
                </categories>
              </test-case>
              <test-case name="QueueLib.QueueFixture.T10_EnqDeq2Enqueue3RememberDequeue3" executed="True" result="Success" success="True" time="0.000" asserts="3">
                <categories>
                  <category name="Wraparound" />
                </categories>
              </test-case>
            </results>
          </test-suite>
        </results>
      </test-suite>
    </results>
  </test-suite>
</test-results>